<?xml version="1.0" encoding="UTF-8"?>
<!-- Generated by org.testng.reporters.JUnitReportReporter -->
<testsuite hostname="TYC1121225" failures="0" tests="2" name="actitiime.basicTestscripts.ToCreateALead" time="0.047" errors="0" timestamp="2023-03-11T10:38:23 IST" skipped="0">
  <testcase classname="actitiime.basicTestscripts.ToCreateALead" name="createProduct" time="0.007"/>
  <system-out/>
  <testcase classname="actitiime.basicTestscripts.ToCreateALead" name="createLead" time="0.040"/>
  <system-out/>
</testsuite> <!-- actitiime.basicTestscripts.ToCreateALead -->
