<?xml version="1.0" encoding="UTF-8"?>
<!-- Generated by org.testng.reporters.JUnitReportReporter -->
<testsuite hostname="TYC1121225" failures="0" tests="2" name="actitiime.basicTestscripts.ClassE" time="24.705" errors="0" timestamp="2023-03-04T13:12:11 IST" skipped="0">
  <testcase classname="actitiime.basicTestscripts.ClassE" name="demo" time="17.513"/>
  <system-out/>
  <testcase classname="actitiime.basicTestscripts.ClassE" name="demo" time="7.192"/>
  <system-out/>
</testsuite> <!-- actitiime.basicTestscripts.ClassE -->
