<?xml version="1.0" encoding="UTF-8"?>
<!-- Generated by org.testng.reporters.JUnitReportReporter -->
<testsuite hostname="TYC1121225" failures="0" tests="1" name="actitiime.basicTestscripts.ClassD" time="10.469" errors="0" timestamp="2023-03-04T13:01:57 IST" skipped="0">
  <testcase classname="actitiime.basicTestscripts.ClassD" name="demo" time="10.469"/>
  <system-out/>
</testsuite> <!-- actitiime.basicTestscripts.ClassD -->
