<?xml version="1.0" encoding="UTF-8"?>
<!-- Generated by org.testng.reporters.JUnitReportReporter -->
<testsuite hostname="TYC1121225" failures="0" tests="8" name="actitiime.basicTestscripts.ClassA3" time="0.025" errors="0" timestamp="2023-03-04T11:50:42 IST" skipped="3">
  <testcase classname="actitiime.basicTestscripts.ClassA3" name="d" time="0.002"/>
  <system-out/>
  <testcase classname="actitiime.basicTestscripts.ClassA3" name="d" time="0.001"/>
  <system-out/>
  <testcase classname="actitiime.basicTestscripts.ClassA3" name="d" time="0.018"/>
  <system-out/>
  <testcase classname="actitiime.basicTestscripts.ClassA3" name="d" time="0.002"/>
  <system-out/>
  <testcase classname="actitiime.basicTestscripts.ClassA3" name="d" time="0.002"/>
  <system-out/>
  <testcase classname="actitiime.basicTestscripts.ClassA3" name="a">
    <skipped/>
  </testcase> <!-- a -->
  <system-out/>
  <testcase classname="actitiime.basicTestscripts.ClassA3" name="c">
    <skipped/>
  </testcase> <!-- c -->
  <system-out/>
  <testcase classname="actitiime.basicTestscripts.ClassA3" name="b">
    <skipped/>
  </testcase> <!-- b -->
  <system-out/>
</testsuite> <!-- actitiime.basicTestscripts.ClassA3 -->
