<?xml version="1.0" encoding="UTF-8"?>
<!-- Generated by org.testng.reporters.JUnitReportReporter -->
<testsuite hostname="TYC1121225" failures="0" tests="1" name="actitiime.basicTestscripts.ClassB2" time="0.037" errors="0" timestamp="2023-03-04T12:38:29 IST" skipped="0">
  <testcase classname="actitiime.basicTestscripts.ClassB2" name="demo1" time="0.037"/>
  <system-out/>
</testsuite> <!-- actitiime.basicTestscripts.ClassB2 -->
