<?xml version="1.0" encoding="UTF-8"?>
<!-- Generated by org.testng.reporters.JUnitReportReporter -->
<testsuite hostname="TYC1121225" failures="0" tests="1" name="actitiime.basicTestscripts.ToVerifyHomePageTitle" time="8.601" errors="0" timestamp="2023-03-11T11:16:20 IST" skipped="0">
  <testcase classname="actitiime.basicTestscripts.ToVerifyHomePageTitle" name="verifyHomePageTest" time="8.601"/>
  <system-out/>
</testsuite> <!-- actitiime.basicTestscripts.ToVerifyHomePageTitle -->
